#
# There is insufficient memory for the Java Runtime Environment to continue.
# Native memory allocation (malloc) failed to allocate 988816 bytes for Chunk::new
# Possible reasons:
#   The system is out of physical RAM or swap space
#   The process is running with CompressedOops enabled, and the Java Heap may be blocking the growth of the native heap
# Possible solutions:
#   Reduce memory load on the system
#   Increase physical memory or swap space
#   Check if swap backing store is full
#   Decrease Java heap size (-Xmx/-Xms)
#   Decrease number of Java threads
#   Decrease Java thread stack sizes (-Xss)
#   Set larger code cache with -XX:ReservedCodeCacheSize=
#   JVM is running with Zero Based Compressed Oops mode in which the Java heap is
#     placed in the first 32GB address space. The Java Heap base address is the
#     maximum limit for the native heap growth. Please use -XX:HeapBaseMinAddress
#     to set the Java Heap base and to place the Java Heap above 32GB virtual address.
# This output file may be truncated or incomplete.
#
#  Out of Memory Error (arena.cpp:189), pid=16444, tid=13296
#
# JRE version: OpenJDK Runtime Environment Temurin-17.0.4+8 (17.0.4+8) (build 17.0.4+8)
# Java VM: OpenJDK 64-Bit Server VM Temurin-17.0.4+8 (17.0.4+8, mixed mode, tiered, compressed oops, compressed class ptrs, g1 gc, windows-amd64)
# No core dump will be written. Minidumps are not enabled by default on client versions of Windows
#

---------------  S U M M A R Y ------------

Command Line: -ea -Dfile.encoding=UTF-8 -XX:+ShowCodeDetailsInExceptionMessages org.eclipse.jdt.internal.junit.runner.RemoteTestRunner -version 3 -port 53886 -testLoaderClass org.eclipse.jdt.internal.junit5.runner.JUnit5TestLoader -loaderpluginname org.eclipse.jdt.junit5.runtime -classNames com.erichiroshi.linguagensapi.controllers.LinguagemControllerTest

Host: AMD Ryzen 7 1700 Eight-Core Processor          , 16 cores, 15G,  Windows 10 , 64 bit Build 19041 (10.0.19041.2546)
Time: Wed Apr  5 12:23:14 2023 Hora Padrão Brasil Central elapsed time: 3.909630 seconds (0d 0h 0m 3s)

---------------  T H R E A D  ---------------

Current thread (0x0000023115ac8680):  JavaThread "C2 CompilerThread1" daemon [_thread_in_native, id=13296, stack(0x000000b583800000,0x000000b583900000)]


Current CompileTask:
C2:   3909 4419       4       jdk.internal.org.objectweb.asm.Frame::execute (2305 bytes)

Stack: [0x000000b583800000,0x000000b583900000]
Native frames: (J=compiled Java code, j=interpreted, Vv=VM code, C=native code)
V  [jvm.dll+0x67733a]
V  [jvm.dll+0x8323c4]
V  [jvm.dll+0x833b6e]
V  [jvm.dll+0x8341d3]
V  [jvm.dll+0x2455e5]
V  [jvm.dll+0xabd7b]
V  [jvm.dll+0xac30c]
V  [jvm.dll+0x2ac67f]
V  [jvm.dll+0x57dd57]
V  [jvm.dll+0x220702]
V  [jvm.dll+0x220adf]
V  [jvm.dll+0x21a325]
V  [jvm.dll+0x2177eb]
V  [jvm.dll+0x1a3f8d]
V  [jvm.dll+0x227308]
V  [jvm.dll+0x225455]
V  [jvm.dll+0x7e7eeb]
V  [jvm.dll+0x7e245a]
V  [jvm.dll+0x6761c5]
C  [ucrtbase.dll+0x21bb2]
C  [KERNEL32.DLL+0x17614]
C  [ntdll.dll+0x526a1]


---------------  P R O C E S S  ---------------

Threads class SMR info:
_java_thread_list=0x000002311ab8a460, length=22, elements={
0x000002317556c430, 0x0000023115837c40, 0x0000023115839f70, 0x000002311587dbb0,
0x000002311587f480, 0x00000231158804e0, 0x0000023115893340, 0x0000023115897bd0,
0x0000023115898d20, 0x00000231158ad5a0, 0x0000023115a13ac0, 0x0000023115a34d00,
0x0000023115a50dd0, 0x0000023115ac8680, 0x000002311618f880, 0x00000231164e8fd0,
0x00000231174eea00, 0x00000231167ca750, 0x0000023118b2c020, 0x000002311883c900,
0x00000231188397e0, 0x00000231185f3190
}

Java Threads: ( => current thread )
  0x000002317556c430 JavaThread "main" [_thread_in_vm, id=5436, stack(0x000000b582400000,0x000000b582500000)]
  0x0000023115837c40 JavaThread "Reference Handler" daemon [_thread_blocked, id=14044, stack(0x000000b582b00000,0x000000b582c00000)]
  0x0000023115839f70 JavaThread "Finalizer" daemon [_thread_blocked, id=16564, stack(0x000000b582c00000,0x000000b582d00000)]
  0x000002311587dbb0 JavaThread "Signal Dispatcher" daemon [_thread_blocked, id=6264, stack(0x000000b582d00000,0x000000b582e00000)]
  0x000002311587f480 JavaThread "Attach Listener" daemon [_thread_blocked, id=16556, stack(0x000000b582e00000,0x000000b582f00000)]
  0x00000231158804e0 JavaThread "Service Thread" daemon [_thread_blocked, id=4532, stack(0x000000b582f00000,0x000000b583000000)]
  0x0000023115893340 JavaThread "Monitor Deflation Thread" daemon [_thread_blocked, id=17744, stack(0x000000b583000000,0x000000b583100000)]
  0x0000023115897bd0 JavaThread "C2 CompilerThread0" daemon [_thread_in_native, id=9176, stack(0x000000b583100000,0x000000b583200000)]
  0x0000023115898d20 JavaThread "C1 CompilerThread0" daemon [_thread_blocked, id=1660, stack(0x000000b583200000,0x000000b583300000)]
  0x00000231158ad5a0 JavaThread "Sweeper thread" daemon [_thread_blocked, id=13864, stack(0x000000b583300000,0x000000b583400000)]
  0x0000023115a13ac0 JavaThread "C1 CompilerThread1" daemon [_thread_blocked, id=13588, stack(0x000000b583400000,0x000000b583500000)]
  0x0000023115a34d00 JavaThread "Notification Thread" daemon [_thread_blocked, id=17924, stack(0x000000b583500000,0x000000b583600000)]
  0x0000023115a50dd0 JavaThread "Common-Cleaner" daemon [_thread_blocked, id=8792, stack(0x000000b583700000,0x000000b583800000)]
=>0x0000023115ac8680 JavaThread "C2 CompilerThread1" daemon [_thread_in_native, id=13296, stack(0x000000b583800000,0x000000b583900000)]
  0x000002311618f880 JavaThread "ReaderThread" [_thread_in_native, id=18052, stack(0x000000b583900000,0x000000b583a00000)]
  0x00000231164e8fd0 JavaThread "C2 CompilerThread2" daemon [_thread_in_native, id=8628, stack(0x000000b583a00000,0x000000b583b00000)]
  0x00000231174eea00 JavaThread "C1 CompilerThread2" daemon [_thread_blocked, id=8208, stack(0x000000b584100000,0x000000b584200000)]
  0x00000231167ca750 JavaThread "C1 CompilerThread3" daemon [_thread_blocked, id=5752, stack(0x000000b584200000,0x000000b584300000)]
  0x0000023118b2c020 JavaThread "BufferPoolPruner-1-thread-1" daemon [_thread_blocked, id=18204, stack(0x000000b584900000,0x000000b584a00000)]
  0x000002311883c900 JavaThread "cluster-ClusterId{value='642da07106787c2c450ad61e', description='null'}-localhost:27017" daemon [_thread_in_native, id=1116, stack(0x000000b584c00000,0x000000b584d00000)]
  0x00000231188397e0 JavaThread "cluster-rtt-ClusterId{value='642da07106787c2c450ad61e', description='null'}-localhost:27017" daemon [_thread_blocked, id=18136, stack(0x000000b584d00000,0x000000b584e00000)]
  0x00000231185f3190 JavaThread "MaintenanceTimer-2-thread-1" daemon [_thread_blocked, id=4032, stack(0x000000b584f00000,0x000000b585000000)]

Other Threads:
  0x000002317fc2d830 VMThread "VM Thread" [stack: 0x000000b582a00000,0x000000b582b00000] [id=17340]
  0x0000023115a357e0 WatcherThread [stack: 0x000000b583600000,0x000000b583700000] [id=6508]
  0x00000231755d8730 GCTaskThread "GC Thread#0" [stack: 0x000000b582500000,0x000000b582600000] [id=9760]
  0x00000231165c6400 GCTaskThread "GC Thread#1" [stack: 0x000000b583b00000,0x000000b583c00000] [id=10068]
  0x00000231165cab10 GCTaskThread "GC Thread#2" [stack: 0x000000b583c00000,0x000000b583d00000] [id=8956]
  0x00000231165cb1d0 GCTaskThread "GC Thread#3" [stack: 0x000000b583d00000,0x000000b583e00000] [id=1084]
  0x000002311656cf60 GCTaskThread "GC Thread#4" [stack: 0x000000b583e00000,0x000000b583f00000] [id=12844]
  0x000002311656d210 GCTaskThread "GC Thread#5" [stack: 0x000000b583f00000,0x000000b584000000] [id=17556]
  0x0000023116802850 GCTaskThread "GC Thread#6" [stack: 0x000000b584000000,0x000000b584100000] [id=10156]
  0x0000023116d93d60 GCTaskThread "GC Thread#7" [stack: 0x000000b584300000,0x000000b584400000] [id=7376]
  0x000002311803f930 GCTaskThread "GC Thread#8" [stack: 0x000000b584400000,0x000000b584500000] [id=12112]
  0x0000023116dcba40 GCTaskThread "GC Thread#9" [stack: 0x000000b584500000,0x000000b584600000] [id=7344]
  0x0000023117219040 GCTaskThread "GC Thread#10" [stack: 0x000000b584600000,0x000000b584700000] [id=9076]
  0x0000023116bd27c0 GCTaskThread "GC Thread#11" [stack: 0x000000b584a00000,0x000000b584b00000] [id=17788]
  0x0000023116bd14f0 GCTaskThread "GC Thread#12" [stack: 0x000000b584b00000,0x000000b584c00000] [id=13224]
  0x00000231755ea490 ConcurrentGCThread "G1 Main Marker" [stack: 0x000000b582600000,0x000000b582700000] [id=3644]
  0x00000231755eb550 ConcurrentGCThread "G1 Conc#0" [stack: 0x000000b582700000,0x000000b582800000] [id=9756]
  0x0000023116ef28e0 ConcurrentGCThread "G1 Conc#1" [stack: 0x000000b584700000,0x000000b584800000] [id=13988]
  0x0000023116bd2510 ConcurrentGCThread "G1 Conc#2" [stack: 0x000000b584800000,0x000000b584900000] [id=17244]
  0x000002317fadc530 ConcurrentGCThread "G1 Refine#0" [stack: 0x000000b582800000,0x000000b582900000] [id=1040]
  0x000002317fadcd60 ConcurrentGCThread "G1 Service" [stack: 0x000000b582900000,0x000000b582a00000] [id=10104]

Threads with active compile tasks:
C2 CompilerThread0     3932 4257   !   4       jdk.internal.loader.BuiltinClassLoader::findClassOnClassPathOrNull (64 bytes)
C2 CompilerThread1     3932 4419       4       jdk.internal.org.objectweb.asm.Frame::execute (2305 bytes)
C2 CompilerThread2     3932 4422       4       jdk.internal.org.objectweb.asm.Frame::accept (264 bytes)

VM state: not at safepoint (normal execution)

VM Mutex/Monitor currently owned by a thread: None

Heap address: 0x0000000701000000, size: 4080 MB, Compressed Oops mode: Zero based, Oop shift amount: 3

CDS archive(s) not mapped
Compressed class space mapped at: 0x0000000800000000-0x0000000840000000, reserved size: 1073741824
Narrow klass base: 0x0000000800000000, Narrow klass shift: 0, Narrow klass range: 0x40000000

GC Precious Log:
 CPUs: 16 total, 16 available
 Memory: 16315M
 Large Page Support: Disabled
 NUMA Support: Disabled
 Compressed Oops: Enabled (Zero based)
 Heap Region Size: 2M
 Heap Min Capacity: 8M
 Heap Initial Capacity: 256M
 Heap Max Capacity: 4080M
 Pre-touch: Disabled
 Parallel Workers: 13
 Concurrent Workers: 3
 Concurrent Refinement Workers: 13
 Periodic GC: Disabled

Heap:
 garbage-first heap   total 151552K, used 46065K [0x0000000701000000, 0x0000000800000000)
  region size 2048K, 17 young (34816K), 2 survivors (4096K)
 Metaspace       used 47630K, committed 48000K, reserved 1097728K
  class space    used 6153K, committed 6336K, reserved 1048576K

Heap Regions: E=young(eden), S=young(survivor), O=old, HS=humongous(starts), HC=humongous(continues), CS=collection set, F=free, OA=open archive, CA=closed archive, TAMS=top-at-mark-start (previous, next)
|   0|0x0000000701000000, 0x0000000701200000, 0x0000000701200000|100%| O|  |TAMS 0x0000000701200000, 0x0000000701000000| Untracked 
|   1|0x0000000701200000, 0x0000000701400000, 0x0000000701400000|100%| O|  |TAMS 0x0000000701400000, 0x0000000701200000| Untracked 
|   2|0x0000000701400000, 0x00000007015ece00, 0x0000000701600000| 96%| O|  |TAMS 0x00000007015ece00, 0x0000000701400000| Untracked 
|   3|0x0000000701600000, 0x0000000701800000, 0x0000000701800000|100%| O|  |TAMS 0x0000000701800000, 0x0000000701600000| Untracked 
|   4|0x0000000701800000, 0x0000000701a00000, 0x0000000701a00000|100%| O|  |TAMS 0x00000007019e0a00, 0x0000000701800000| Untracked 
|   5|0x0000000701a00000, 0x0000000701c00000, 0x0000000701c00000|100%| O|  |TAMS 0x0000000701a00000, 0x0000000701a00000| Untracked 
|   6|0x0000000701c00000, 0x0000000701e00000, 0x0000000701e00000|100%| O|  |TAMS 0x0000000701c00000, 0x0000000701c00000| Untracked 
|   7|0x0000000701e00000, 0x0000000701e31400, 0x0000000702000000|  9%| O|  |TAMS 0x0000000701e00000, 0x0000000701e00000| Untracked 
|   8|0x0000000702000000, 0x0000000702000000, 0x0000000702200000|  0%| F|  |TAMS 0x0000000702000000, 0x0000000702000000| Untracked 
|   9|0x0000000702200000, 0x0000000702200000, 0x0000000702400000|  0%| F|  |TAMS 0x0000000702200000, 0x0000000702200000| Untracked 
|  10|0x0000000702400000, 0x0000000702400000, 0x0000000702600000|  0%| F|  |TAMS 0x0000000702400000, 0x0000000702400000| Untracked 
|  11|0x0000000702600000, 0x00000007026de280, 0x0000000702800000| 43%| S|CS|TAMS 0x0000000702600000, 0x0000000702600000| Complete 
|  12|0x0000000702800000, 0x0000000702a00000, 0x0000000702a00000|100%| S|CS|TAMS 0x0000000702800000, 0x0000000702800000| Complete 
|  13|0x0000000702a00000, 0x0000000702a00000, 0x0000000702c00000|  0%| F|  |TAMS 0x0000000702a00000, 0x0000000702a00000| Untracked 
|  14|0x0000000702c00000, 0x0000000702c00000, 0x0000000702e00000|  0%| F|  |TAMS 0x0000000702c00000, 0x0000000702c00000| Untracked 
|  15|0x0000000702e00000, 0x0000000702e00000, 0x0000000703000000|  0%| F|  |TAMS 0x0000000702e00000, 0x0000000702e00000| Untracked 
|  16|0x0000000703000000, 0x0000000703000000, 0x0000000703200000|  0%| F|  |TAMS 0x0000000703000000, 0x0000000703000000| Untracked 
|  17|0x0000000703200000, 0x0000000703200000, 0x0000000703400000|  0%| F|  |TAMS 0x0000000703200000, 0x0000000703200000| Untracked 
|  18|0x0000000703400000, 0x0000000703400000, 0x0000000703600000|  0%| F|  |TAMS 0x0000000703400000, 0x0000000703400000| Untracked 
|  19|0x0000000703600000, 0x0000000703600000, 0x0000000703800000|  0%| F|  |TAMS 0x0000000703600000, 0x0000000703600000| Untracked 
|  20|0x0000000703800000, 0x0000000703800000, 0x0000000703a00000|  0%| F|  |TAMS 0x0000000703800000, 0x0000000703800000| Untracked 
|  21|0x0000000703a00000, 0x0000000703a00000, 0x0000000703c00000|  0%| F|  |TAMS 0x0000000703a00000, 0x0000000703a00000| Untracked 
|  22|0x0000000703c00000, 0x0000000703c00000, 0x0000000703e00000|  0%| F|  |TAMS 0x0000000703c00000, 0x0000000703c00000| Untracked 
|  23|0x0000000703e00000, 0x0000000703e00000, 0x0000000704000000|  0%| F|  |TAMS 0x0000000703e00000, 0x0000000703e00000| Untracked 
|  24|0x0000000704000000, 0x0000000704000000, 0x0000000704200000|  0%| F|  |TAMS 0x0000000704000000, 0x0000000704000000| Untracked 
|  25|0x0000000704200000, 0x0000000704200000, 0x0000000704400000|  0%| F|  |TAMS 0x0000000704200000, 0x0000000704200000| Untracked 
|  26|0x0000000704400000, 0x0000000704400000, 0x0000000704600000|  0%| F|  |TAMS 0x0000000704400000, 0x0000000704400000| Untracked 
|  27|0x0000000704600000, 0x0000000704600000, 0x0000000704800000|  0%| F|  |TAMS 0x0000000704600000, 0x0000000704600000| Untracked 
|  28|0x0000000704800000, 0x0000000704800000, 0x0000000704a00000|  0%| F|  |TAMS 0x0000000704800000, 0x0000000704800000| Untracked 
|  29|0x0000000704a00000, 0x0000000704a00000, 0x0000000704c00000|  0%| F|  |TAMS 0x0000000704a00000, 0x0000000704a00000| Untracked 
|  30|0x0000000704c00000, 0x0000000704c00000, 0x0000000704e00000|  0%| F|  |TAMS 0x0000000704c00000, 0x0000000704c00000| Untracked 
|  31|0x0000000704e00000, 0x0000000704e00000, 0x0000000705000000|  0%| F|  |TAMS 0x0000000704e00000, 0x0000000704e00000| Untracked 
|  32|0x0000000705000000, 0x0000000705000000, 0x0000000705200000|  0%| F|  |TAMS 0x0000000705000000, 0x0000000705000000| Untracked 
|  33|0x0000000705200000, 0x0000000705200000, 0x0000000705400000|  0%| F|  |TAMS 0x0000000705200000, 0x0000000705200000| Untracked 
|  34|0x0000000705400000, 0x0000000705400000, 0x0000000705600000|  0%| F|  |TAMS 0x0000000705400000, 0x0000000705400000| Untracked 
|  35|0x0000000705600000, 0x0000000705600000, 0x0000000705800000|  0%| F|  |TAMS 0x0000000705600000, 0x0000000705600000| Untracked 
|  36|0x0000000705800000, 0x0000000705800000, 0x0000000705a00000|  0%| F|  |TAMS 0x0000000705800000, 0x0000000705800000| Untracked 
|  37|0x0000000705a00000, 0x0000000705a00000, 0x0000000705c00000|  0%| F|  |TAMS 0x0000000705a00000, 0x0000000705a00000| Untracked 
|  38|0x0000000705c00000, 0x0000000705c00000, 0x0000000705e00000|  0%| F|  |TAMS 0x0000000705c00000, 0x0000000705c00000| Untracked 
|  39|0x0000000705e00000, 0x0000000705e00000, 0x0000000706000000|  0%| F|  |TAMS 0x0000000705e00000, 0x0000000705e00000| Untracked 
|  40|0x0000000706000000, 0x0000000706000000, 0x0000000706200000|  0%| F|  |TAMS 0x0000000706000000, 0x0000000706000000| Untracked 
|  41|0x0000000706200000, 0x0000000706200000, 0x0000000706400000|  0%| F|  |TAMS 0x0000000706200000, 0x0000000706200000| Untracked 
|  42|0x0000000706400000, 0x0000000706400000, 0x0000000706600000|  0%| F|  |TAMS 0x0000000706400000, 0x0000000706400000| Untracked 
|  43|0x0000000706600000, 0x0000000706600000, 0x0000000706800000|  0%| F|  |TAMS 0x0000000706600000, 0x0000000706600000| Untracked 
|  44|0x0000000706800000, 0x0000000706800000, 0x0000000706a00000|  0%| F|  |TAMS 0x0000000706800000, 0x0000000706800000| Untracked 
|  45|0x0000000706a00000, 0x0000000706a00000, 0x0000000706c00000|  0%| F|  |TAMS 0x0000000706a00000, 0x0000000706a00000| Untracked 
|  46|0x0000000706c00000, 0x0000000706c00000, 0x0000000706e00000|  0%| F|  |TAMS 0x0000000706c00000, 0x0000000706c00000| Untracked 
|  47|0x0000000706e00000, 0x0000000706e00000, 0x0000000707000000|  0%| F|  |TAMS 0x0000000706e00000, 0x0000000706e00000| Untracked 
|  48|0x0000000707000000, 0x0000000707000000, 0x0000000707200000|  0%| F|  |TAMS 0x0000000707000000, 0x0000000707000000| Untracked 
|  49|0x0000000707200000, 0x0000000707200000, 0x0000000707400000|  0%| F|  |TAMS 0x0000000707200000, 0x0000000707200000| Untracked 
|  50|0x0000000707400000, 0x0000000707400000, 0x0000000707600000|  0%| F|  |TAMS 0x0000000707400000, 0x0000000707400000| Untracked 
|  51|0x0000000707600000, 0x0000000707600000, 0x0000000707800000|  0%| F|  |TAMS 0x0000000707600000, 0x0000000707600000| Untracked 
|  52|0x0000000707800000, 0x0000000707800000, 0x0000000707a00000|  0%| F|  |TAMS 0x0000000707800000, 0x0000000707800000| Untracked 
|  53|0x0000000707a00000, 0x0000000707a00000, 0x0000000707c00000|  0%| F|  |TAMS 0x0000000707a00000, 0x0000000707a00000| Untracked 
|  54|0x0000000707c00000, 0x0000000707c00000, 0x0000000707e00000|  0%| F|  |TAMS 0x0000000707c00000, 0x0000000707c00000| Untracked 
|  55|0x0000000707e00000, 0x0000000707e00000, 0x0000000708000000|  0%| F|  |TAMS 0x0000000707e00000, 0x0000000707e00000| Untracked 
|  56|0x0000000708000000, 0x0000000708000000, 0x0000000708200000|  0%| F|  |TAMS 0x0000000708000000, 0x0000000708000000| Untracked 
|  57|0x0000000708200000, 0x0000000708200000, 0x0000000708400000|  0%| F|  |TAMS 0x0000000708200000, 0x0000000708200000| Untracked 
|  58|0x0000000708400000, 0x0000000708400000, 0x0000000708600000|  0%| F|  |TAMS 0x0000000708400000, 0x0000000708400000| Untracked 
|  59|0x0000000708600000, 0x0000000708800000, 0x0000000708800000|100%| E|  |TAMS 0x0000000708600000, 0x0000000708600000| Complete 
|  60|0x0000000708800000, 0x0000000708a00000, 0x0000000708a00000|100%| E|CS|TAMS 0x0000000708800000, 0x0000000708800000| Complete 
|  61|0x0000000708a00000, 0x0000000708c00000, 0x0000000708c00000|100%| E|CS|TAMS 0x0000000708a00000, 0x0000000708a00000| Complete 
|  62|0x0000000708c00000, 0x0000000708e00000, 0x0000000708e00000|100%| E|CS|TAMS 0x0000000708c00000, 0x0000000708c00000| Complete 
|  63|0x0000000708e00000, 0x0000000709000000, 0x0000000709000000|100%| E|CS|TAMS 0x0000000708e00000, 0x0000000708e00000| Complete 
|  64|0x0000000709000000, 0x0000000709200000, 0x0000000709200000|100%| E|CS|TAMS 0x0000000709000000, 0x0000000709000000| Complete 
|  65|0x0000000709200000, 0x0000000709400000, 0x0000000709400000|100%| E|CS|TAMS 0x0000000709200000, 0x0000000709200000| Complete 
|  66|0x0000000709400000, 0x0000000709600000, 0x0000000709600000|100%| E|CS|TAMS 0x0000000709400000, 0x0000000709400000| Complete 
|  67|0x0000000709600000, 0x0000000709800000, 0x0000000709800000|100%| E|CS|TAMS 0x0000000709600000, 0x0000000709600000| Complete 
|  68|0x0000000709800000, 0x0000000709a00000, 0x0000000709a00000|100%| E|CS|TAMS 0x0000000709800000, 0x0000000709800000| Complete 
|  69|0x0000000709a00000, 0x0000000709c00000, 0x0000000709c00000|100%| E|CS|TAMS 0x0000000709a00000, 0x0000000709a00000| Complete 
|  70|0x0000000709c00000, 0x0000000709e00000, 0x0000000709e00000|100%| E|CS|TAMS 0x0000000709c00000, 0x0000000709c00000| Complete 
| 122|0x0000000710400000, 0x0000000710600000, 0x0000000710600000|100%| E|CS|TAMS 0x0000000710400000, 0x0000000710400000| Complete 
| 123|0x0000000710600000, 0x0000000710800000, 0x0000000710800000|100%| E|CS|TAMS 0x0000000710600000, 0x0000000710600000| Complete 
| 127|0x0000000710e00000, 0x0000000711000000, 0x0000000711000000|100%| E|CS|TAMS 0x0000000710e00000, 0x0000000710e00000| Complete 

Card table byte_map: [0x0000023179cb0000,0x000002317a4b0000] _byte_map_base: 0x00000231764a8000

Marking Bits (Prev, Next): (CMBitMap*) 0x00000231755d9c60, (CMBitMap*) 0x00000231755d9ca0
 Prev Bits: [0x000002317acb0000, 0x000002317ec70000)
 Next Bits: [0x000002310f000000, 0x0000023112fc0000)

Polling page: 0x00000231734b0000

Metaspace:

Usage:
  Non-class:     40.51 MB used.
      Class:      6.01 MB used.
       Both:     46.52 MB used.

Virtual space:
  Non-class space:       48.00 MB reserved,      40.75 MB ( 85%) committed,  6 nodes.
      Class space:        1.00 GB reserved,       6.19 MB ( <1%) committed,  1 nodes.
             Both:        1.05 GB reserved,      46.94 MB (  4%) committed. 

Chunk freelists:
   Non-Class:  2.69 MB
       Class:  1.83 MB
        Both:  4.51 MB

MaxMetaspaceSize: unlimited
CompressedClassSpaceSize: 1.00 GB
Initial GC threshold: 21.00 MB
Current GC threshold: 58.75 MB
CDS: off
MetaspaceReclaimPolicy: balanced
 - commit_granule_bytes: 65536.
 - commit_granule_words: 8192.
 - virtual_space_node_default_size: 1048576.
 - enlarge_chunks_in_place: 1.
 - new_chunks_are_fully_committed: 0.
 - uncommit_free_chunks: 1.
 - use_allocation_guard: 0.
 - handle_deallocations: 1.


Internal statistics:

num_allocs_failed_limit: 6.
num_arena_births: 536.
num_arena_deaths: 0.
num_vsnodes_births: 7.
num_vsnodes_deaths: 0.
num_space_committed: 751.
num_space_uncommitted: 0.
num_chunks_returned_to_freelist: 6.
num_chunks_taken_from_freelist: 1984.
num_chunk_merges: 6.
num_chunk_splits: 1367.
num_chunks_enlarged: 1017.
num_purges: 0.
num_inconsistent_stats: 0.

CodeHeap 'non-profiled nmethods': size=119168Kb used=2619Kb max_used=2619Kb free=116548Kb
 bounds [0x0000023107ba0000, 0x0000023107e30000, 0x000002310f000000]
CodeHeap 'profiled nmethods': size=119104Kb used=9623Kb max_used=9623Kb free=109480Kb
 bounds [0x0000023100750000, 0x00000231010c0000, 0x0000023107ba0000]
CodeHeap 'non-nmethods': size=7488Kb used=2918Kb max_used=2954Kb free=4569Kb
 bounds [0x0000023100000000, 0x00000231002f0000, 0x0000023100750000]
 total_blobs=5048 nmethods=4511 adapters=445
 compilation: enabled
              stopped_count=0, restarted_count=0
 full_count=0

Compilation events (20 events):
Event: 3.904 Thread 0x0000023115a13ac0 4471       3       net.bytebuddy.description.type.TypeList$Generic$Explicit::get (6 bytes)
Event: 3.904 Thread 0x00000231167ca750 nmethod 4468 0x00000231010a2990 code [0x00000231010a2b80, 0x00000231010a31c8]
Event: 3.904 Thread 0x00000231167ca750 4472       3       net.bytebuddy.description.type.TypeList$Generic$Explicit::get (19 bytes)
Event: 3.904 Thread 0x0000023115898d20 nmethod 4469 0x00000231010a3410 code [0x00000231010a3660, 0x00000231010a3e88]
Event: 3.904 Thread 0x0000023115898d20 4473       3       net.bytebuddy.description.type.TypeDescription$Generic$AbstractBase::asGenericType (2 bytes)
Event: 3.904 Thread 0x0000023115a13ac0 nmethod 4471 0x00000231010a4190 code [0x00000231010a4360, 0x00000231010a4778]
Event: 3.904 Thread 0x0000023115898d20 nmethod 4473 0x00000231010a4890 code [0x00000231010a4a20, 0x00000231010a4b38]
Event: 3.904 Thread 0x0000023115a13ac0 4475       3       net.bytebuddy.description.type.TypeDescription$AbstractBase::asErasure (2 bytes)
Event: 3.904 Thread 0x00000231174eea00 nmethod 4474 0x00000231010a4c10 code [0x00000231010a4e40, 0x00000231010a5738]
Event: 3.904 Thread 0x0000023115898d20 4476       3       net.bytebuddy.description.type.TypeDescription$Generic$OfNonGenericType::isArray (10 bytes)
Event: 3.904 Thread 0x00000231167ca750 nmethod 4472 0x00000231010a5990 code [0x00000231010a5b60, 0x00000231010a5f18]
Event: 3.904 Thread 0x00000231174eea00 4477       3       net.bytebuddy.description.type.TypeDescription$Generic$Visitor$Substitutor::<init> (5 bytes)
Event: 3.904 Thread 0x0000023115a13ac0 nmethod 4475 0x00000231010a6010 code [0x00000231010a61a0, 0x00000231010a62b8]
Event: 3.904 Thread 0x00000231167ca750 4478       1       net.bytebuddy.description.method.ParameterDescription$Latent::getDeclaringMethod (5 bytes)
Event: 3.905 Thread 0x0000023115898d20 nmethod 4476 0x00000231010a6390 code [0x00000231010a6540, 0x00000231010a67d8]
Event: 3.905 Thread 0x00000231167ca750 nmethod 4478 0x0000023107e23690 code [0x0000023107e23820, 0x0000023107e238f8]
Event: 3.905 Thread 0x00000231174eea00 nmethod 4477 0x00000231010a6890 code [0x00000231010a6a20, 0x00000231010a6b78]
Event: 3.905 Thread 0x00000231174eea00 4479       3       java.util.AbstractList::hashCode (46 bytes)
Event: 3.906 Thread 0x00000231174eea00 nmethod 4479 0x00000231010a6c10 code [0x00000231010a6e00, 0x00000231010a7358]
Event: 3.908 Thread 0x00000231174eea00 4480       3       java.lang.reflect.Method::getGenericReturnType (20 bytes)

GC Heap History (20 events):
Event: 0.626 GC heap before
{Heap before GC invocations=0 (full 0):
 garbage-first heap   total 262144K, used 20480K [0x0000000701000000, 0x0000000800000000)
  region size 2048K, 11 young (22528K), 0 survivors (0K)
 Metaspace       used 12492K, committed 12736K, reserved 1064960K
  class space    used 1302K, committed 1408K, reserved 1048576K
}
Event: 0.630 GC heap after
{Heap after GC invocations=1 (full 0):
 garbage-first heap   total 262144K, used 5906K [0x0000000701000000, 0x0000000800000000)
  region size 2048K, 2 young (4096K), 2 survivors (4096K)
 Metaspace       used 12492K, committed 12736K, reserved 1064960K
  class space    used 1302K, committed 1408K, reserved 1048576K
}
Event: 1.235 GC heap before
{Heap before GC invocations=1 (full 0):
 garbage-first heap   total 262144K, used 30482K [0x0000000701000000, 0x0000000800000000)
  region size 2048K, 15 young (30720K), 2 survivors (4096K)
 Metaspace       used 20238K, committed 20480K, reserved 1073152K
  class space    used 2241K, committed 2368K, reserved 1048576K
}
Event: 1.239 GC heap after
{Heap after GC invocations=2 (full 0):
 garbage-first heap   total 262144K, used 8410K [0x0000000701000000, 0x0000000800000000)
  region size 2048K, 2 young (4096K), 2 survivors (4096K)
 Metaspace       used 20238K, committed 20480K, reserved 1073152K
  class space    used 2241K, committed 2368K, reserved 1048576K
}
Event: 1.367 GC heap before
{Heap before GC invocations=2 (full 0):
 garbage-first heap   total 262144K, used 14554K [0x0000000701000000, 0x0000000800000000)
  region size 2048K, 6 young (12288K), 2 survivors (4096K)
 Metaspace       used 21319K, committed 21504K, reserved 1073152K
  class space    used 2399K, committed 2496K, reserved 1048576K
}
Event: 1.370 GC heap after
{Heap after GC invocations=3 (full 0):
 garbage-first heap   total 262144K, used 8787K [0x0000000701000000, 0x0000000800000000)
  region size 2048K, 2 young (4096K), 2 survivors (4096K)
 Metaspace       used 21319K, committed 21504K, reserved 1073152K
  class space    used 2399K, committed 2496K, reserved 1048576K
}
Event: 1.564 GC heap before
{Heap before GC invocations=4 (full 0):
 garbage-first heap   total 40960K, used 27219K [0x0000000701000000, 0x0000000800000000)
  region size 2048K, 12 young (24576K), 2 survivors (4096K)
 Metaspace       used 25935K, committed 26240K, reserved 1073152K
  class space    used 2948K, committed 3072K, reserved 1048576K
}
Event: 1.567 GC heap after
{Heap after GC invocations=5 (full 0):
 garbage-first heap   total 40960K, used 10142K [0x0000000701000000, 0x0000000800000000)
  region size 2048K, 2 young (4096K), 2 survivors (4096K)
 Metaspace       used 25935K, committed 26240K, reserved 1073152K
  class space    used 2948K, committed 3072K, reserved 1048576K
}
Event: 1.730 GC heap before
{Heap before GC invocations=5 (full 0):
 garbage-first heap   total 40960K, used 24478K [0x0000000701000000, 0x0000000800000000)
  region size 2048K, 10 young (20480K), 2 survivors (4096K)
 Metaspace       used 28717K, committed 28992K, reserved 1081344K
  class space    used 3333K, committed 3456K, reserved 1048576K
}
Event: 1.734 GC heap after
{Heap after GC invocations=6 (full 0):
 garbage-first heap   total 40960K, used 11529K [0x0000000701000000, 0x0000000800000000)
  region size 2048K, 2 young (4096K), 2 survivors (4096K)
 Metaspace       used 28717K, committed 28992K, reserved 1081344K
  class space    used 3333K, committed 3456K, reserved 1048576K
}
Event: 2.024 GC heap before
{Heap before GC invocations=6 (full 0):
 garbage-first heap   total 40960K, used 27913K [0x0000000701000000, 0x0000000800000000)
  region size 2048K, 10 young (20480K), 2 survivors (4096K)
 Metaspace       used 30518K, committed 30848K, reserved 1081344K
  class space    used 3546K, committed 3712K, reserved 1048576K
}
Event: 2.027 GC heap after
{Heap after GC invocations=7 (full 0):
 garbage-first heap   total 40960K, used 12405K [0x0000000701000000, 0x0000000800000000)
  region size 2048K, 2 young (4096K), 2 survivors (4096K)
 Metaspace       used 30518K, committed 30848K, reserved 1081344K
  class space    used 3546K, committed 3712K, reserved 1048576K
}
Event: 2.394 GC heap before
{Heap before GC invocations=7 (full 0):
 garbage-first heap   total 40960K, used 28789K [0x0000000701000000, 0x0000000800000000)
  region size 2048K, 10 young (20480K), 2 survivors (4096K)
 Metaspace       used 33325K, committed 33664K, reserved 1081344K
  class space    used 3941K, committed 4096K, reserved 1048576K
}
Event: 2.397 GC heap after
{Heap after GC invocations=8 (full 0):
 garbage-first heap   total 40960K, used 13561K [0x0000000701000000, 0x0000000800000000)
  region size 2048K, 2 young (4096K), 2 survivors (4096K)
 Metaspace       used 33325K, committed 33664K, reserved 1081344K
  class space    used 3941K, committed 4096K, reserved 1048576K
}
Event: 2.616 GC heap before
{Heap before GC invocations=8 (full 0):
 garbage-first heap   total 40960K, used 21753K [0x0000000701000000, 0x0000000800000000)
  region size 2048K, 7 young (14336K), 2 survivors (4096K)
 Metaspace       used 35641K, committed 35968K, reserved 1081344K
  class space    used 4268K, committed 4416K, reserved 1048576K
}
Event: 2.620 GC heap after
{Heap after GC invocations=9 (full 0):
 garbage-first heap   total 40960K, used 14442K [0x0000000701000000, 0x0000000800000000)
  region size 2048K, 2 young (4096K), 2 survivors (4096K)
 Metaspace       used 35641K, committed 35968K, reserved 1081344K
  class space    used 4268K, committed 4416K, reserved 1048576K
}
Event: 2.901 GC heap before
{Heap before GC invocations=10 (full 0):
 garbage-first heap   total 40960K, used 28778K [0x0000000701000000, 0x0000000800000000)
  region size 2048K, 9 young (18432K), 2 survivors (4096K)
 Metaspace       used 38787K, committed 39168K, reserved 1089536K
  class space    used 4775K, committed 4928K, reserved 1048576K
}
Event: 2.905 GC heap after
{Heap after GC invocations=11 (full 0):
 garbage-first heap   total 40960K, used 15963K [0x0000000701000000, 0x0000000800000000)
  region size 2048K, 2 young (4096K), 2 survivors (4096K)
 Metaspace       used 38787K, committed 39168K, reserved 1089536K
  class space    used 4775K, committed 4928K, reserved 1048576K
}
Event: 3.175 GC heap before
{Heap before GC invocations=11 (full 0):
 garbage-first heap   total 40960K, used 30299K [0x0000000701000000, 0x0000000800000000)
  region size 2048K, 9 young (18432K), 2 survivors (4096K)
 Metaspace       used 41689K, committed 42112K, reserved 1089536K
  class space    used 5195K, committed 5376K, reserved 1048576K
}
Event: 3.179 GC heap after
{Heap after GC invocations=12 (full 0):
 garbage-first heap   total 151552K, used 17393K [0x0000000701000000, 0x0000000800000000)
  region size 2048K, 2 young (4096K), 2 survivors (4096K)
 Metaspace       used 41689K, committed 42112K, reserved 1089536K
  class space    used 5195K, committed 5376K, reserved 1048576K
}

Deoptimization events (20 events):
Event: 3.511 Thread 0x000002317556c430 Uncommon trap: trap_request=0xffffffc6 fr.pc=0x0000023107cd84d0 relative=0x0000000000002250
Event: 3.511 Thread 0x000002317556c430 Uncommon trap: reason=bimorphic_or_optimized_type_check action=maybe_recompile pc=0x0000023107cd84d0 method=java.util.HashMap.putVal(ILjava/lang/Object;Ljava/lang/Object;ZZ)Ljava/lang/Object; @ 203 c2
Event: 3.511 Thread 0x000002317556c430 DEOPT PACKING pc=0x0000023107cd84d0 sp=0x000000b5824f9820
Event: 3.511 Thread 0x000002317556c430 DEOPT UNPACKING pc=0x00000231000523a3 sp=0x000000b5824f96e8 mode 2
Event: 3.511 Thread 0x000002317556c430 Uncommon trap: trap_request=0xffffffde fr.pc=0x0000023107c73a6c relative=0x000000000000012c
Event: 3.511 Thread 0x000002317556c430 Uncommon trap: reason=class_check action=maybe_recompile pc=0x0000023107c73a6c method=org.springframework.boot.context.properties.source.ConfigurationPropertyName$Elements.charAt(II)C @ 43 c2
Event: 3.511 Thread 0x000002317556c430 DEOPT PACKING pc=0x0000023107c73a6c sp=0x000000b5824f9380
Event: 3.511 Thread 0x000002317556c430 DEOPT UNPACKING pc=0x00000231000523a3 sp=0x000000b5824f92f8 mode 2
Event: 3.512 Thread 0x000002317556c430 Uncommon trap: trap_request=0xffffffde fr.pc=0x0000023107c73a6c relative=0x000000000000012c
Event: 3.512 Thread 0x000002317556c430 Uncommon trap: reason=class_check action=maybe_recompile pc=0x0000023107c73a6c method=org.springframework.boot.context.properties.source.ConfigurationPropertyName$Elements.charAt(II)C @ 43 c2
Event: 3.512 Thread 0x000002317556c430 DEOPT PACKING pc=0x0000023107c73a6c sp=0x000000b5824f9380
Event: 3.512 Thread 0x000002317556c430 DEOPT UNPACKING pc=0x00000231000523a3 sp=0x000000b5824f92f8 mode 2
Event: 3.587 Thread 0x000002317556c430 Uncommon trap: trap_request=0xffffff45 fr.pc=0x0000023107c77b54 relative=0x0000000000000494
Event: 3.587 Thread 0x000002317556c430 Uncommon trap: reason=unstable_if action=reinterpret pc=0x0000023107c77b54 method=java.util.LinkedHashMap.get(Ljava/lang/Object;)Ljava/lang/Object; @ 16 c2
Event: 3.587 Thread 0x000002317556c430 DEOPT PACKING pc=0x0000023107c77b54 sp=0x000000b5824fc760
Event: 3.587 Thread 0x000002317556c430 DEOPT UNPACKING pc=0x00000231000523a3 sp=0x000000b5824fc718 mode 2
Event: 3.649 Thread 0x000002317556c430 Uncommon trap: trap_request=0xffffff45 fr.pc=0x0000023107cf0e00 relative=0x00000000000000e0
Event: 3.649 Thread 0x000002317556c430 Uncommon trap: reason=unstable_if action=reinterpret pc=0x0000023107cf0e00 method=java.lang.ClassLoader.getClassLoadingLock(Ljava/lang/String;)Ljava/lang/Object; @ 6 c2
Event: 3.649 Thread 0x000002317556c430 DEOPT PACKING pc=0x0000023107cf0e00 sp=0x000000b5824f6630
Event: 3.649 Thread 0x000002317556c430 DEOPT UNPACKING pc=0x00000231000523a3 sp=0x000000b5824f65d0 mode 2

Classes unloaded (0 events):
No events

Classes redefined (0 events):
No events

Internal exceptions (20 events):
Event: 3.016 Thread 0x000002317556c430 Exception <a 'java/lang/NullPointerException'{0x000000070303fde0}> (0x000000070303fde0) 
thrown [s\src\hotspot\share\interpreter\linkResolver.cpp, line 1350]
Event: 3.043 Thread 0x000002317556c430 Exception <a 'java/lang/NoSuchMethodError'{0x00000007031a8e50}: 'java.lang.Object java.lang.invoke.Invokers$Holder.invoker(java.lang.Object, java.lang.Object, java.lang.Object, java.lang.Object)'> (0x00000007031a8e50) 
thrown [s\src\hotspot\share\interpreter\linkResolver.cpp, line 759]
Event: 3.044 Thread 0x000002317556c430 Exception <a 'java/lang/NoSuchMethodError'{0x00000007031b2ca8}: 'int java.lang.invoke.DirectMethodHandle$Holder.invokeSpecial(java.lang.Object, java.lang.Object, java.lang.Object, int)'> (0x00000007031b2ca8) 
thrown [s\src\hotspot\share\interpreter\linkResolver.cpp, line 759]
Event: 3.045 Thread 0x000002317556c430 Exception <a 'java/lang/NoSuchMethodError'{0x00000007031c5808}: 'java.lang.Object java.lang.invoke.DirectMethodHandle$Holder.invokeStatic(java.lang.Object, java.lang.Object, java.lang.Object, java.lang.Object, int)'> (0x00000007031c5808) 
thrown [s\src\hotspot\share\interpreter\linkResolver.cpp, line 759]
Event: 3.046 Thread 0x000002317556c430 Exception <a 'java/lang/NoSuchMethodError'{0x00000007031d0ef8}: 'void java.lang.invoke.DelegatingMethodHandle$Holder.reinvoke_L(java.lang.Object, java.lang.Object, int)'> (0x00000007031d0ef8) 
thrown [s\src\hotspot\share\interpreter\linkResolver.cpp, line 759]
Event: 3.047 Thread 0x000002317556c430 Exception <a 'java/lang/NoSuchMethodError'{0x00000007031df5a8}: 'java.lang.Object java.lang.invoke.Invokers$Holder.invokeExact_MT(java.lang.Object, java.lang.Object, java.lang.Object, java.lang.Object)'> (0x00000007031df5a8) 
thrown [s\src\hotspot\share\interpreter\linkResolver.cpp, line 759]
Event: 3.122 Thread 0x000002317556c430 Exception <a 'java/lang/NoSuchMethodError'{0x0000000702d432d0}: 'void java.lang.invoke.DirectMethodHandle$Holder.invokeInterface(java.lang.Object, java.lang.Object, int)'> (0x0000000702d432d0) 
thrown [s\src\hotspot\share\interpreter\linkResolver.cpp, line 759]
Event: 3.127 Thread 0x000002317556c430 Exception <a 'java/lang/IncompatibleClassChangeError'{0x0000000702d90fd8}: Found class java.lang.Object, but interface was expected> (0x0000000702d90fd8) 
thrown [s\src\hotspot\share\interpreter\linkResolver.cpp, line 826]
Event: 3.128 Thread 0x000002317556c430 Exception <a 'java/lang/NoSuchMethodError'{0x0000000702d96628}: 'void java.lang.invoke.DirectMethodHandle$Holder.invokeStatic(java.lang.Object, int, java.lang.Object)'> (0x0000000702d96628) 
thrown [s\src\hotspot\share\interpreter\linkResolver.cpp, line 759]
Event: 3.190 Thread 0x000002317556c430 Implicit null exception at 0x0000023107dac7cc to 0x0000023107dac8d0
Event: 3.331 Thread 0x000002317556c430 Exception <a 'java/lang/NoSuchMethodError'{0x0000000709ceedc8}: 'void java.lang.invoke.DirectMethodHandle$Holder.invokeVirtual(java.lang.Object, java.lang.Object, long)'> (0x0000000709ceedc8) 
thrown [s\src\hotspot\share\interpreter\linkResolver.cpp, line 759]
Event: 3.442 Thread 0x000002317556c430 Exception <a 'java/lang/IncompatibleClassChangeError'{0x000000070960bcd0}: Found class java.lang.Object, but interface was expected> (0x000000070960bcd0) 
thrown [s\src\hotspot\share\interpreter\linkResolver.cpp, line 826]
Event: 3.470 Thread 0x000002317556c430 Exception <a 'java/lang/NoSuchMethodError'{0x0000000709749be0}: 'int java.lang.invoke.DirectMethodHandle$Holder.invokeStaticInit(java.lang.Object, java.lang.Object, java.lang.Object, java.lang.Object)'> (0x0000000709749be0) 
thrown [s\src\hotspot\share\interpreter\linkResolver.cpp, line 759]
Event: 3.548 Thread 0x000002317556c430 Exception <a 'java/lang/NoSuchMethodError'{0x000000070922ee50}: 'java.lang.Object java.lang.invoke.DirectMethodHandle$Holder.newInvokeSpecial(java.lang.Object, java.lang.Object, int, java.lang.Object, java.lang.Object)'> (0x000000070922ee50) 
thrown [s\src\hotspot\share\interpreter\linkResolver.cpp, line 759]
Event: 3.549 Thread 0x000002317556c430 Exception <a 'java/lang/NoSuchMethodError'{0x000000070923aa18}: 'java.lang.Object java.lang.invoke.DirectMethodHandle$Holder.invokeSpecial(java.lang.Object, java.lang.Object, int, java.lang.Object, int, java.lang.Object)'> (0x000000070923aa18) 
thrown [s\src\hotspot\share\interpreter\linkResolver.cpp, line 759]
Event: 3.550 Thread 0x000002317556c430 Exception <a 'java/lang/NoSuchMethodError'{0x0000000709243018}: 'java.lang.Object java.lang.invoke.DirectMethodHandle$Holder.newInvokeSpecial(java.lang.Object, java.lang.Object, int, java.lang.Object, int)'> (0x0000000709243018) 
thrown [s\src\hotspot\share\interpreter\linkResolver.cpp, line 759]
Event: 3.551 Thread 0x000002317556c430 Exception <a 'java/lang/NoSuchMethodError'{0x0000000709247668}: 'java.lang.Object java.lang.invoke.DirectMethodHandle$Holder.invokeSpecial(java.lang.Object, java.lang.Object, java.lang.Object, int, java.lang.Object, int)'> (0x0000000709247668) 
thrown [s\src\hotspot\share\interpreter\linkResolver.cpp, line 759]
Event: 3.598 Thread 0x000002317556c430 Exception <a 'java/lang/NoSuchMethodError'{0x0000000709399f68}: 'java.lang.Object java.lang.invoke.DirectMethodHandle$Holder.newInvokeSpecial(java.lang.Object, java.lang.Object, java.lang.Object, java.lang.Object, int)'> (0x0000000709399f68) 
thrown [s\src\hotspot\share\interpreter\linkResolver.cpp, line 759]
Event: 3.599 Thread 0x000002317556c430 Exception <a 'java/lang/NoSuchMethodError'{0x000000070939e450}: 'java.lang.Object java.lang.invoke.DirectMethodHandle$Holder.invokeSpecial(java.lang.Object, java.lang.Object, java.lang.Object, java.lang.Object, java.lang.Object, int)'> (0x000000070939e450) 
thrown [s\src\hotspot\share\interpreter\linkResolver.cpp, line 759]
Event: 3.599 Thread 0x000002317556c430 Exception <a 'java/lang/NoSuchMethodError'{0x00000007093a21e0}: 'java.lang.Object java.lang.invoke.Invokers$Holder.linkToTargetMethod(java.lang.Object, java.lang.Object, java.lang.Object, int, java.lang.Object)'> (0x00000007093a21e0) 
thrown [s\src\hotspot\share\interpreter\linkResolver.cpp, line 759]

VM Operations (20 events):
Event: 2.901 Executing VM operation: G1CollectForAllocation
Event: 2.905 Executing VM operation: G1CollectForAllocation done
Event: 3.170 Executing VM operation: ICBufferFull
Event: 3.170 Executing VM operation: ICBufferFull done
Event: 3.175 Executing VM operation: G1CollectForAllocation
Event: 3.179 Executing VM operation: G1CollectForAllocation done
Event: 3.227 Executing VM operation: HandshakeAllThreads
Event: 3.227 Executing VM operation: HandshakeAllThreads done
Event: 3.349 Executing VM operation: HandshakeAllThreads
Event: 3.349 Executing VM operation: HandshakeAllThreads done
Event: 3.428 Executing VM operation: HandshakeAllThreads
Event: 3.428 Executing VM operation: HandshakeAllThreads done
Event: 3.526 Executing VM operation: HandshakeAllThreads
Event: 3.526 Executing VM operation: HandshakeAllThreads done
Event: 3.526 Executing VM operation: HandshakeAllThreads
Event: 3.526 Executing VM operation: HandshakeAllThreads done
Event: 3.528 Executing VM operation: ICBufferFull
Event: 3.529 Executing VM operation: ICBufferFull done
Event: 3.532 Executing VM operation: HandshakeAllThreads
Event: 3.532 Executing VM operation: HandshakeAllThreads done

Events (20 events):
Event: 3.809 loading class sun/reflect/annotation/AnnotatedTypeFactory
Event: 3.809 loading class sun/reflect/annotation/AnnotatedTypeFactory done
Event: 3.809 loading class sun/reflect/annotation/AnnotatedTypeFactory$AnnotatedTypeBaseImpl
Event: 3.809 loading class sun/reflect/annotation/AnnotatedTypeFactory$AnnotatedTypeBaseImpl done
Event: 3.810 loading class sun/reflect/generics/tree/BooleanSignature
Event: 3.810 loading class sun/reflect/generics/tree/BooleanSignature done
Event: 3.821 loading class java/lang/reflect/AnnotatedParameterizedType
Event: 3.822 loading class java/lang/reflect/AnnotatedParameterizedType done
Event: 3.827 loading class java/lang/reflect/AnnotatedWildcardType
Event: 3.828 loading class java/lang/reflect/AnnotatedWildcardType done
Event: 3.841 loading class sun/reflect/generics/reflectiveObjects/GenericArrayTypeImpl
Event: 3.841 loading class sun/reflect/generics/reflectiveObjects/GenericArrayTypeImpl done
Event: 3.844 loading class java/lang/reflect/AnnotatedArrayType
Event: 3.844 loading class java/lang/reflect/AnnotatedArrayType done
Event: 3.848 loading class sun/reflect/generics/tree/IntSignature
Event: 3.848 loading class sun/reflect/generics/tree/IntSignature done
Event: 3.858 loading class java/lang/reflect/AccessibleObject$Cache
Event: 3.859 loading class java/lang/reflect/AccessibleObject$Cache done
Event: 3.899 loading class java/lang/reflect/AnnotatedTypeVariable
Event: 3.899 loading class java/lang/reflect/AnnotatedTypeVariable done


Dynamic libraries:
0x00007ff78d1a0000 - 0x00007ff78d1ae000 	C:\sts-4.15.3.RELEASE\plugins\org.eclipse.justj.openjdk.hotspot.jre.full.win32.x86_64_17.0.4.v20220805-1047\jre\bin\javaw.exe
0x00007ff855b90000 - 0x00007ff855d88000 	C:\Windows\SYSTEM32\ntdll.dll
0x00007ff854870000 - 0x00007ff85492f000 	C:\Windows\System32\KERNEL32.DLL
0x00007ff8535f0000 - 0x00007ff8538c2000 	C:\Windows\System32\KERNELBASE.dll
0x00007ff853960000 - 0x00007ff853a60000 	C:\Windows\System32\ucrtbase.dll
0x00007ff84ff60000 - 0x00007ff84ff79000 	C:\sts-4.15.3.RELEASE\plugins\org.eclipse.justj.openjdk.hotspot.jre.full.win32.x86_64_17.0.4.v20220805-1047\jre\bin\VCRUNTIME140.dll
0x00007ff84e530000 - 0x00007ff84e548000 	C:\sts-4.15.3.RELEASE\plugins\org.eclipse.justj.openjdk.hotspot.jre.full.win32.x86_64_17.0.4.v20220805-1047\jre\bin\jli.dll
0x00007ff853cb0000 - 0x00007ff853e51000 	C:\Windows\System32\USER32.dll
0x00007ff8535c0000 - 0x00007ff8535e2000 	C:\Windows\System32\win32u.dll
0x00007ff83c460000 - 0x00007ff83c6fa000 	C:\Windows\WinSxS\amd64_microsoft.windows.common-controls_6595b64144ccf1df_6.0.19041.1110_none_60b5254171f9507e\COMCTL32.dll
0x00007ff853f40000 - 0x00007ff853f6b000 	C:\Windows\System32\GDI32.dll
0x00007ff854040000 - 0x00007ff8540de000 	C:\Windows\System32\msvcrt.dll
0x00007ff853a60000 - 0x00007ff853b6f000 	C:\Windows\System32\gdi32full.dll
0x00007ff853370000 - 0x00007ff85340d000 	C:\Windows\System32\msvcp_win.dll
0x00007ff853be0000 - 0x00007ff853c10000 	C:\Windows\System32\IMM32.DLL
0x00007ff84ef30000 - 0x00007ff84ef3c000 	C:\sts-4.15.3.RELEASE\plugins\org.eclipse.justj.openjdk.hotspot.jre.full.win32.x86_64_17.0.4.v20220805-1047\jre\bin\vcruntime140_1.dll
0x00007ff8404d0000 - 0x00007ff840561000 	C:\sts-4.15.3.RELEASE\plugins\org.eclipse.justj.openjdk.hotspot.jre.full.win32.x86_64_17.0.4.v20220805-1047\jre\bin\msvcp140.dll
0x00007ff821aa0000 - 0x00007ff8226e6000 	C:\sts-4.15.3.RELEASE\plugins\org.eclipse.justj.openjdk.hotspot.jre.full.win32.x86_64_17.0.4.v20220805-1047\jre\bin\server\jvm.dll
0x00007ff8547b0000 - 0x00007ff85485e000 	C:\Windows\System32\ADVAPI32.dll
0x00007ff853c10000 - 0x00007ff853cac000 	C:\Windows\System32\sechost.dll
0x00007ff8556e0000 - 0x00007ff855804000 	C:\Windows\System32\RPCRT4.dll
0x00007ff855810000 - 0x00007ff855818000 	C:\Windows\System32\PSAPI.DLL
0x00007ff848310000 - 0x00007ff848337000 	C:\Windows\SYSTEM32\WINMM.dll
0x00007ff84feb0000 - 0x00007ff84feb9000 	C:\Windows\SYSTEM32\WSOCK32.dll
0x00007ff855570000 - 0x00007ff8555db000 	C:\Windows\System32\WS2_32.dll
0x00007ff848340000 - 0x00007ff84834a000 	C:\Windows\SYSTEM32\VERSION.dll
0x00007ff851130000 - 0x00007ff851142000 	C:\Windows\SYSTEM32\kernel.appcore.dll
0x00007ff84fe60000 - 0x00007ff84fe6a000 	C:\sts-4.15.3.RELEASE\plugins\org.eclipse.justj.openjdk.hotspot.jre.full.win32.x86_64_17.0.4.v20220805-1047\jre\bin\jimage.dll
0x00007ff849e10000 - 0x00007ff849ff4000 	C:\Windows\SYSTEM32\DBGHELP.DLL
0x00007ff83dbf0000 - 0x00007ff83dc25000 	C:\Windows\SYSTEM32\dbgcore.DLL
0x00007ff8538d0000 - 0x00007ff853952000 	C:\Windows\System32\bcryptPrimitives.dll
0x00007ff84e500000 - 0x00007ff84e525000 	C:\sts-4.15.3.RELEASE\plugins\org.eclipse.justj.openjdk.hotspot.jre.full.win32.x86_64_17.0.4.v20220805-1047\jre\bin\java.dll
0x00007ff84e2a0000 - 0x00007ff84e2b8000 	C:\sts-4.15.3.RELEASE\plugins\org.eclipse.justj.openjdk.hotspot.jre.full.win32.x86_64_17.0.4.v20220805-1047\jre\bin\zip.dll
0x00007ff854dc0000 - 0x00007ff855505000 	C:\Windows\System32\SHELL32.dll
0x00007ff851330000 - 0x00007ff851ac2000 	C:\Windows\SYSTEM32\windows.storage.dll
0x00007ff854930000 - 0x00007ff854c85000 	C:\Windows\System32\combase.dll
0x00007ff852c10000 - 0x00007ff852c40000 	C:\Windows\SYSTEM32\Wldp.dll
0x00007ff854700000 - 0x00007ff8547ad000 	C:\Windows\System32\SHCORE.dll
0x00007ff8555f0000 - 0x00007ff855645000 	C:\Windows\System32\shlwapi.dll
0x00007ff8531d0000 - 0x00007ff8531ef000 	C:\Windows\SYSTEM32\profapi.dll
0x00007ff84e150000 - 0x00007ff84e169000 	C:\sts-4.15.3.RELEASE\plugins\org.eclipse.justj.openjdk.hotspot.jre.full.win32.x86_64_17.0.4.v20220805-1047\jre\bin\net.dll
0x00007ff84bd70000 - 0x00007ff84be7a000 	C:\Windows\SYSTEM32\WINHTTP.dll
0x00007ff8529f0000 - 0x00007ff852a5a000 	C:\Windows\system32\mswsock.dll
0x00007ff84ce10000 - 0x00007ff84ce25000 	C:\sts-4.15.3.RELEASE\plugins\org.eclipse.justj.openjdk.hotspot.jre.full.win32.x86_64_17.0.4.v20220805-1047\jre\bin\nio.dll
0x00007ff8526b0000 - 0x00007ff8526eb000 	C:\Windows\SYSTEM32\IPHLPAPI.DLL
0x00007ff8555e0000 - 0x00007ff8555e8000 	C:\Windows\System32\NSI.dll
0x00007ff84d150000 - 0x00007ff84d167000 	C:\Windows\SYSTEM32\dhcpcsvc6.DLL
0x00007ff84d130000 - 0x00007ff84d14d000 	C:\Windows\SYSTEM32\dhcpcsvc.DLL
0x00007ff852700000 - 0x00007ff8527cb000 	C:\Windows\SYSTEM32\DNSAPI.dll
0x00007ff84e4f0000 - 0x00007ff84e500000 	C:\sts-4.15.3.RELEASE\plugins\org.eclipse.justj.openjdk.hotspot.jre.full.win32.x86_64_17.0.4.v20220805-1047\jre\bin\verify.dll
0x00007ff852f50000 - 0x00007ff852f68000 	C:\Windows\SYSTEM32\CRYPTSP.dll
0x00007ff8522c0000 - 0x00007ff8522f4000 	C:\Windows\system32\rsaenh.dll
0x00007ff853340000 - 0x00007ff853367000 	C:\Windows\System32\bcrypt.dll
0x00007ff853190000 - 0x00007ff8531be000 	C:\Windows\SYSTEM32\USERENV.dll
0x00007ff852b80000 - 0x00007ff852b8c000 	C:\Windows\SYSTEM32\CRYPTBASE.dll
0x00007ff84b1c0000 - 0x00007ff84b1ca000 	C:\Windows\System32\rasadhlp.dll
0x00007ff84ba90000 - 0x00007ff84bb10000 	C:\Windows\System32\fwpuclnt.dll
0x00007ff84ef50000 - 0x00007ff84ef59000 	C:\sts-4.15.3.RELEASE\plugins\org.eclipse.justj.openjdk.hotspot.jre.full.win32.x86_64_17.0.4.v20220805-1047\jre\bin\management.dll
0x00007ff84ef40000 - 0x00007ff84ef4b000 	C:\sts-4.15.3.RELEASE\plugins\org.eclipse.justj.openjdk.hotspot.jre.full.win32.x86_64_17.0.4.v20220805-1047\jre\bin\management_ext.dll

dbghelp: loaded successfully - version: 4.0.5 - missing functions: none
symbol engine: initialized successfully - sym options: 0x614 - pdb path: .;C:\sts-4.15.3.RELEASE\plugins\org.eclipse.justj.openjdk.hotspot.jre.full.win32.x86_64_17.0.4.v20220805-1047\jre\bin;C:\Windows\SYSTEM32;C:\Windows\WinSxS\amd64_microsoft.windows.common-controls_6595b64144ccf1df_6.0.19041.1110_none_60b5254171f9507e;C:\sts-4.15.3.RELEASE\plugins\org.eclipse.justj.openjdk.hotspot.jre.full.win32.x86_64_17.0.4.v20220805-1047\jre\bin\server

VM Arguments:
jvm_args: -ea -Dfile.encoding=UTF-8 -XX:+ShowCodeDetailsInExceptionMessages 
java_command: org.eclipse.jdt.internal.junit.runner.RemoteTestRunner -version 3 -port 53886 -testLoaderClass org.eclipse.jdt.internal.junit5.runner.JUnit5TestLoader -loaderpluginname org.eclipse.jdt.junit5.runtime -classNames com.erichiroshi.linguagensapi.controllers.LinguagemControllerTest
java_class_path (initial): C:\temp\ws-sts\linguagens-api\target\test-classes;C:\temp\ws-sts\linguagens-api\target\classes;C:\Users\erich\.m2\repository\org\springframework\boot\spring-boot-starter-data-mongodb\3.0.5\spring-boot-starter-data-mongodb-3.0.5.jar;C:\Users\erich\.m2\repository\org\springframework\boot\spring-boot-starter\3.0.5\spring-boot-starter-3.0.5.jar;C:\Users\erich\.m2\repository\org\springframework\boot\spring-boot-starter-logging\3.0.5\spring-boot-starter-logging-3.0.5.jar;C:\Users\erich\.m2\repository\ch\qos\logback\logback-classic\1.4.6\logback-classic-1.4.6.jar;C:\Users\erich\.m2\repository\ch\qos\logback\logback-core\1.4.6\logback-core-1.4.6.jar;C:\Users\erich\.m2\repository\org\apache\logging\log4j\log4j-to-slf4j\2.19.0\log4j-to-slf4j-2.19.0.jar;C:\Users\erich\.m2\repository\org\apache\logging\log4j\log4j-api\2.19.0\log4j-api-2.19.0.jar;C:\Users\erich\.m2\repository\org\slf4j\jul-to-slf4j\2.0.7\jul-to-slf4j-2.0.7.jar;C:\Users\erich\.m2\repository\jakarta\annotation\jakarta.annotation-api\2.1.1\jakarta.annotation-api-2.1.1.jar;C:\Users\erich\.m2\repository\org\yaml\snakeyaml\1.33\snakeyaml-1.33.jar;C:\Users\erich\.m2\repository\org\mongodb\mongodb-driver-sync\4.8.2\mongodb-driver-sync-4.8.2.jar;C:\Users\erich\.m2\repository\org\mongodb\bson\4.8.2\bson-4.8.2.jar;C:\Users\erich\.m2\repository\org\mongodb\mongodb-driver-core\4.8.2\mongodb-driver-core-4.8.2.jar;C:\Users\erich\.m2\repository\org\mongodb\bson-record-codec\4.8.2\bson-record-codec-4.8.2.jar;C:\Users\erich\.m2\repository\org\springframework\data\spring-data-mongodb\4.0.4\spring-data-mongodb-4.0.4.jar;C:\Users\erich\.m2\repository\org\springframework\spring-tx\6.0.7\spring-tx-6.0.7.jar;C:\Users\erich\.m2\repository\org\springframework\spring-context\6.0.7\spring-context-6.0.7.jar;C:\Users\erich\.m2\repository\org\springframework\spring-beans\6.0.7\spring-beans-6.0.7.jar;C:\Users\erich\.m2\repository\org\springframework\spring-expression\6.0.7\spring-expression-6.0.7.jar;C:\Users\erich
Launcher Type: SUN_STANDARD

[Global flags]
     intx CICompilerCount                          = 12                                        {product} {ergonomic}
     uint ConcGCThreads                            = 3                                         {product} {ergonomic}
     uint G1ConcRefinementThreads                  = 13                                        {product} {ergonomic}
   size_t G1HeapRegionSize                         = 2097152                                   {product} {ergonomic}
    uintx GCDrainStackTargetSize                   = 64                                        {product} {ergonomic}
   size_t InitialHeapSize                          = 268435456                                 {product} {ergonomic}
   size_t MarkStackSize                            = 4194304                                   {product} {ergonomic}
   size_t MaxHeapSize                              = 4278190080                                {product} {ergonomic}
   size_t MaxNewSize                               = 2566914048                                {product} {ergonomic}
   size_t MinHeapDeltaBytes                        = 2097152                                   {product} {ergonomic}
   size_t MinHeapSize                              = 8388608                                   {product} {ergonomic}
    uintx NonNMethodCodeHeapSize                   = 7602480                                {pd product} {ergonomic}
    uintx NonProfiledCodeHeapSize                  = 122027880                              {pd product} {ergonomic}
    uintx ProfiledCodeHeapSize                     = 122027880                              {pd product} {ergonomic}
    uintx ReservedCodeCacheSize                    = 251658240                              {pd product} {ergonomic}
     bool SegmentedCodeCache                       = true                                      {product} {ergonomic}
     bool ShowCodeDetailsInExceptionMessages       = true                                   {manageable} {command line}
   size_t SoftMaxHeapSize                          = 4278190080                             {manageable} {ergonomic}
     bool UseCompressedClassPointers               = true                           {product lp64_product} {ergonomic}
     bool UseCompressedOops                        = true                           {product lp64_product} {ergonomic}
     bool UseG1GC                                  = true                                      {product} {ergonomic}
     bool UseLargePagesIndividualAllocation        = false                                  {pd product} {ergonomic}

Logging:
Log output configuration:
 #0: stdout all=warning uptime,level,tags
 #1: stderr all=off uptime,level,tags

Environment Variables:
JAVA_HOME=C:\Program Files\Java\jdk-17.0.4.1
PATH=C:/sts-4.15.3.RELEASE//plugins/org.eclipse.justj.openjdk.hotspot.jre.full.win32.x86_64_17.0.4.v20220805-1047/jre/bin/server;C:/sts-4.15.3.RELEASE//plugins/org.eclipse.justj.openjdk.hotspot.jre.full.win32.x86_64_17.0.4.v20220805-1047/jre/bin;C:\Program Files\Common Files\Oracle\Java\javapath;C:\Windows\system32;C:\Windows;C:\Windows\System32\Wbem;C:\Windows\System32\WindowsPowerShell\v1.0\;C:\Windows\System32\OpenSSH\;C:\Program Files\Java\jdk-17.0.4.1\bin;C:\Program Files\MongoDB\Server\6.0\bin;C:\Program Files\Git\cmd;C:\Program Files\nodejs\;C:\Program Files\Docker\Docker\resources\bin;C:\temp\sonar-scanner-4.8.0.2856-windows\bin;C:\Program Files\MySQL\MySQL Shell 8.0\bin\;C:\Users\erich\AppData\Local\Microsoft\WindowsApps;;C:\Users\erich\AppData\Local\Programs\Microsoft VS Code\bin;C:\Users\erich\AppData\Roaming\npm;C:\sts-4.15.3.RELEASE;
USERNAME=erich
OS=Windows_NT
PROCESSOR_IDENTIFIER=AMD64 Family 23 Model 1 Stepping 1, AuthenticAMD
TMP=C:\Users\erich\AppData\Local\Temp
TEMP=C:\Users\erich\AppData\Local\Temp



---------------  S Y S T E M  ---------------

OS:
 Windows 10 , 64 bit Build 19041 (10.0.19041.2546)
OS uptime: 0 days 4:47 hours
Hyper-V role detected

CPU: total 16 (initial active 16) (16 cores per cpu, 2 threads per core) family 23 model 1 stepping 1 microcode 0x0, cx8, cmov, fxsr, ht, mmx, 3dnowpref, sse, sse2, sse3, ssse3, sse4a, sse4.1, sse4.2, popcnt, lzcnt, tsc, tscinvbit, avx, avx2, aes, clmul, bmi1, bmi2, adx, sha, fma, vzeroupper, clflush, clflushopt, hv

Memory: 4k page, system-wide physical 16315M (646M free)
TotalPageFile size 20640M (AvailPageFile size 24M)
current process WorkingSet (physical memory assigned to process): 219M, peak: 222M
current process commit charge ("private bytes"): 352M, peak: 399M

vm_info: OpenJDK 64-Bit Server VM (17.0.4+8) for windows-amd64 JRE (17.0.4+8), built on Jul 19 2022 16:05:16 by "temurin" with MS VC++ 16.7 (VS2019)

END.
